#
# A fatal error has been detected by the Java Runtime Environment:
#
#  EXCEPTION_ACCESS_VIOLATION (0xc0000005) at pc=0x00000000568f28a2, pid=5212, tid=0x000000000000093c
#
# JRE version: OpenJDK Runtime Environment (8.0_112-b06) (build 1.8.0_112-release-b06)
# Java VM: OpenJDK 64-Bit Server VM (25.112-b06 mixed mode windows-amd64 compressed oops)
# Problematic frame:
# V  [jvm.dll+0x528a2]
#
# Failed to write core dump. Minidumps are not enabled by default on client versions of Windows
#
# If you would like to submit a bug report, please visit:
#   http://bugreport.java.com/bugreport/crash.jsp
#

---------------  T H R E A D  ---------------

Current thread (0x000000001d452000):  JavaThread "pool-20-thread-1" [_thread_in_vm, id=2364, stack(0x00000000281e0000,0x00000000282e0000)]

siginfo: ExceptionCode=0xc0000005, reading address 0x0000000200000000

Registers:
RAX=0x00000000026cd430, RBX=0x0000000200000000, RCX=0x00000000026c1650, RDX=0x00000000000008a8
RSP=0x00000000282dbb50, RBP=0x0000000050620e93, RSI=0x00000000282dbc50, RDI=0x0000000000000007
R8 =0x000000001ae748c5, R9 =0x000000000000009e, R10=0x0000000000000063, R11=0x0000000050620e93
R12=0x000000000000009e, R13=0x000000001ae748c5, R14=0x00000000026c1650, R15=0x000000001ae748c5
RIP=0x00000000568f28a2, EFLAGS=0x0000000000010202

Top of Stack: (sp=0x00000000282dbb50)
0x00000000282dbb50:   0000000194dd1f20 00000000282dbd60
0x00000000282dbb60:   000043ac93263069 0000000097006b3d
0x00000000282dbb70:   000000000000002f 000000000000002f
0x00000000282dbb80:   00000000282dc370 00000000568f2994
0x00000000282dbb90:   000000000000009e 00000000282dbcd0
0x00000000282dbba0:   00000000282dbc50 000000001ae748c5
0x00000000282dbbb0:   0000000050620e93 000000000000009e
0x00000000282dbbc0:   000000000000009e 00000000568d0299
0x00000000282dbbd0:   000000000000009e 000000001d452000
0x00000000282dbbe0:   00000000282dbcd0 0000000056828d17
0x00000000282dbbf0:   0000000000000000 0000000000000078
0x00000000282dbc00:   0000000000000078 00000000026b0000
0x00000000282dbc10:   000000001d409e00 000000a900000002
0x00000000282dbc20:   0000000000009300 000000001ae74690
0x00000000282dbc30:   000000001ae75f51 000000001ae74963
0x00000000282dbc40:   00000000282dc730 00000000282dcc01 

Instructions: (pc=0x00000000568f28a2)
0x00000000568f2882:   48 63 d2 33 ff 48 8b 1c d0 45 8b e1 4d 8b e8 4c
0x00000000568f2892:   8b f1 48 85 db 74 4a 8b 6c 24 60 0f 1f 00 ff c7
0x00000000568f28a2:   39 2b 75 16 48 8b 73 10 45 8b c4 49 8b d5 48 8b
0x00000000568f28b2:   ce e8 c8 24 0c 00 84 c0 75 48 48 8b 5b 08 48 83 


Register to memory mapping:

RAX=0x00000000026cd430 is an unknown value
RBX=0x0000000200000000 is an unknown value
RCX=0x00000000026c1650 is an unknown value
RDX=0x00000000000008a8 is an unknown value
RSP=0x00000000282dbb50 is pointing into the stack for thread: 0x000000001d452000
RBP=0x0000000050620e93 is an unknown value
RSI=0x00000000282dbc50 is pointing into the stack for thread: 0x000000001d452000
RDI=0x0000000000000007 is an unknown value
R8 =0x000000001ae748c5 is an unknown value
R9 =0x000000000000009e is an unknown value
R10=0x0000000000000063 is an unknown value
R11=0x0000000050620e93 is an unknown value
R12=0x000000000000009e is an unknown value
R13=0x000000001ae748c5 is an unknown value
R14=0x00000000026c1650 is an unknown value
R15=0x000000001ae748c5 is an unknown value


Stack: [0x00000000281e0000,0x00000000282e0000],  sp=0x00000000282dbb50,  free space=1006k
Native frames: (J=compiled Java code, j=interpreted, Vv=VM code, C=native code)
V  [jvm.dll+0x528a2]
V  [jvm.dll+0x52994]
V  [jvm.dll+0x30299]
V  [jvm.dll+0x30699]
V  [jvm.dll+0x388f7]
V  [jvm.dll+0x57b64]
V  [jvm.dll+0x16b9d1]
V  [jvm.dll+0x16bd6b]
C  [java.dll+0x1e58]
C  0x0000000002a933a5

Java frames: (J=compiled Java code, j=interpreted, Vv=VM code)
J 674  java.lang.ClassLoader.defineClass1(Ljava/lang/String;[BIILjava/security/ProtectionDomain;Ljava/lang/String;)Ljava/lang/Class; (0 bytes) @ 0x0000000002a9331f [0x0000000002a93280+0x9f]
J 5245 C2 java.net.URLClassLoader$1.run()Ljava/lang/Object; (5 bytes) @ 0x0000000003918f2c [0x0000000003916ca0+0x228c]
v  ~StubRoutines::call_stub
J 321  java.security.AccessController.doPrivileged(Ljava/security/PrivilegedExceptionAction;Ljava/security/AccessControlContext;)Ljava/lang/Object; (0 bytes) @ 0x0000000002967f26 [0x0000000002967ec0+0x66]
J 1329 C2 java.net.URLClassLoader.findClass(Ljava/lang/String;)Ljava/lang/Class; (47 bytes) @ 0x0000000002c3f6b0 [0x0000000002c3f620+0x90]
J 1443 C2 java.lang.ClassLoader.loadClass(Ljava/lang/String;Z)Ljava/lang/Class; (122 bytes) @ 0x0000000002cb8d80 [0x0000000002cb8a40+0x340]
J 2308 C2 java.lang.ClassLoader.loadClass(Ljava/lang/String;)Ljava/lang/Class; (7 bytes) @ 0x00000000030b23c0 [0x00000000030b2380+0x40]
v  ~StubRoutines::call_stub
j  com.android.dx.cf.code.Ropper.addSetupBlocks()V+123
j  com.android.dx.cf.code.Ropper.doit()V+14
j  com.android.dx.cf.code.Ropper.convert(Lcom/android/dx/cf/code/ConcreteMethod;Lcom/android/dx/rop/code/TranslationAdvice;Lcom/android/dx/cf/iface/MethodList;)Lcom/android/dx/rop/code/RopMethod;+12
j  com.android.dx.dex.cf.CfTranslator.processMethods(Lcom/android/dx/command/dexer/DxContext;Lcom/android/dx/cf/direct/DirectClassFile;Lcom/android/dx/dex/cf/CfOptions;Lcom/android/dx/dex/DexOptions;Lcom/android/dx/dex/file/ClassDefItem;Lcom/android/dx/dex/file/DexFile;)V+176
j  com.android.dx.dex.cf.CfTranslator.translate0(Lcom/android/dx/command/dexer/DxContext;Lcom/android/dx/cf/direct/DirectClassFile;[BLcom/android/dx/dex/cf/CfOptions;Lcom/android/dx/dex/DexOptions;Lcom/android/dx/dex/file/DexFile;)Lcom/android/dx/dex/file/ClassDefItem;+126
j  com.android.dx.dex.cf.CfTranslator.translate(Lcom/android/dx/command/dexer/DxContext;Lcom/android/dx/cf/direct/DirectClassFile;[BLcom/android/dx/dex/cf/CfOptions;Lcom/android/dx/dex/DexOptions;Lcom/android/dx/dex/file/DexFile;)Lcom/android/dx/dex/file/ClassDefItem;+8
j  com.android.dx.command.dexer.Main.translateClass([BLcom/android/dx/cf/direct/DirectClassFile;)Lcom/android/dx/dex/file/ClassDefItem;+24
j  com.android.dx.command.dexer.Main.access$2800(Lcom/android/dx/command/dexer/Main;[BLcom/android/dx/cf/direct/DirectClassFile;)Lcom/android/dx/dex/file/ClassDefItem;+3
j  com.android.dx.command.dexer.Main$ClassTranslatorTask.call()Lcom/android/dx/dex/file/ClassDefItem;+12
j  com.android.dx.command.dexer.Main$ClassTranslatorTask.call()Ljava/lang/Object;+1
J 8188 C1 java.util.concurrent.FutureTask.run()V (126 bytes) @ 0x000000000406554c [0x0000000004065300+0x24c]
j  java.util.concurrent.ThreadPoolExecutor.runWorker(Ljava/util/concurrent/ThreadPoolExecutor$Worker;)V+95
j  java.util.concurrent.ThreadPoolExecutor$Worker.run()V+5
j  java.lang.Thread.run()V+11
v  ~StubRoutines::call_stub

---------------  P R O C E S S  ---------------

Java Threads: ( => current thread )
  0x00000000197a0000 JavaThread "pool-19-thread-4" [_thread_blocked, id=8772, stack(0x00000000287e0000,0x00000000288e0000)]
  0x000000001d451000 JavaThread "pool-19-thread-3" [_thread_blocked, id=6772, stack(0x00000000286e0000,0x00000000287e0000)]
  0x000000001d450800 JavaThread "pool-19-thread-2" [_thread_blocked, id=8728, stack(0x00000000285e0000,0x00000000286e0000)]
  0x000000001d456000 JavaThread "pool-22-thread-1" [_thread_blocked, id=7540, stack(0x00000000284e0000,0x00000000285e0000)]
  0x000000001d453800 JavaThread "pool-19-thread-1" [_thread_blocked, id=6832, stack(0x00000000283e0000,0x00000000284e0000)]
  0x000000001d455000 JavaThread "pool-21-thread-1" [_thread_blocked, id=6276, stack(0x00000000282e0000,0x00000000283e0000)]
=>0x000000001d452000 JavaThread "pool-20-thread-1" [_thread_in_vm, id=2364, stack(0x00000000281e0000,0x00000000282e0000)]
  0x000000001d454800 JavaThread "pool-16-thread-1" [_thread_blocked, id=4324, stack(0x0000000027fe0000,0x00000000280e0000)]
  0x000000001d453000 JavaThread "pool-16-thread-2" [_thread_blocked, id=6288, stack(0x0000000027ee0000,0x0000000027fe0000)]
  0x000000001d449000 JavaThread "pool-12-thread-4" [_thread_blocked, id=6124, stack(0x0000000027de0000,0x0000000027ee0000)]
  0x000000001d44f800 JavaThread "pool-12-thread-3" [_thread_blocked, id=5364, stack(0x0000000027ce0000,0x0000000027de0000)]
  0x000000001d44f000 JavaThread "pool-12-thread-2" [_thread_blocked, id=8516, stack(0x0000000027be0000,0x0000000027ce0000)]
  0x000000001d447800 JavaThread "pool-12-thread-1" [_thread_blocked, id=824, stack(0x00000000273e0000,0x00000000274e0000)]
  0x000000001d44e000 JavaThread "Cache update executor" [_thread_blocked, id=2220, stack(0x00000000272e0000,0x00000000273e0000)]
  0x000000001d44c800 JavaThread "Stdin handler" [_thread_blocked, id=6304, stack(0x00000000271e0000,0x00000000272e0000)]
  0x000000001d44b000 JavaThread "Asynchronous log dispatcher for DefaultDaemonConnection: socket connection from /127.0.0.1:49906 to /127.0.0.1:50111" [_thread_blocked, id=6788, stack(0x00000000270e0000,0x00000000271e0000)]
  0x000000001d44d800 JavaThread "Daemon worker Thread 4" [_thread_blocked, id=952, stack(0x0000000026fe0000,0x00000000270e0000)]
  0x000000001d446800 JavaThread "Cancel handler" [_thread_blocked, id=9148, stack(0x0000000026ee0000,0x0000000026fe0000)]
  0x000000001d448000 JavaThread "Handler for socket connection from /127.0.0.1:49906 to /127.0.0.1:50111" [_thread_in_native, id=8240, stack(0x0000000026de0000,0x0000000026ee0000)]
  0x000000001d44c000 JavaThread "Daemon Thread 4" [_thread_blocked, id=7112, stack(0x0000000026ce0000,0x0000000026de0000)]
  0x0000000019183000 JavaThread "File lock request listener" [_thread_in_native, id=7132, stack(0x000000001ba90000,0x000000001bb90000)]
  0x0000000018dcc800 JavaThread "pool-1-thread-1" [_thread_blocked, id=8848, stack(0x000000001a3c0000,0x000000001a4c0000)]
  0x0000000018c78000 JavaThread "Incoming local TCP Connector on port 49906" [_thread_in_native, id=7712, stack(0x0000000019d90000,0x0000000019e90000)]
  0x000000001617e000 JavaThread "Service Thread" daemon [_thread_blocked, id=5360, stack(0x0000000017e80000,0x0000000017f80000)]
  0x0000000016125800 JavaThread "C1 CompilerThread2" daemon [_thread_blocked, id=6512, stack(0x0000000017980000,0x0000000017a80000)]
  0x0000000016122000 JavaThread "C2 CompilerThread1" daemon [_thread_blocked, id=6532, stack(0x0000000017880000,0x0000000017980000)]
  0x000000001611c800 JavaThread "C2 CompilerThread0" daemon [_thread_blocked, id=6504, stack(0x0000000017780000,0x0000000017880000)]
  0x000000001611b800 JavaThread "Attach Listener" daemon [_thread_blocked, id=4048, stack(0x0000000017680000,0x0000000017780000)]
  0x000000001611a000 JavaThread "Signal Dispatcher" daemon [_thread_blocked, id=1100, stack(0x0000000017580000,0x0000000017680000)]
  0x0000000016108800 JavaThread "Finalizer" daemon [_thread_blocked, id=7744, stack(0x0000000017390000,0x0000000017490000)]
  0x00000000027a1800 JavaThread "Reference Handler" daemon [_thread_blocked, id=4476, stack(0x0000000017290000,0x0000000017390000)]
  0x00000000026b0800 JavaThread "main" [_thread_blocked, id=8296, stack(0x00000000025b0000,0x00000000026b0000)]

Other Threads:
  0x00000000160e5800 VMThread [stack: 0x0000000017190000,0x0000000017290000] [id=5300]
  0x0000000017aa7000 WatcherThread [stack: 0x0000000017f80000,0x0000000018080000] [id=1508]

VM state:synchronizing (normal execution)

VM Mutex/Monitor currently owned by a thread:  ([mutex/lock_event])
[0x00000000024ec1a0] Threads_lock - owner thread: 0x00000000160e5800

Heap:
 PSYoungGen      total 489472K, used 324950K [0x00000000e0000000, 0x0000000100000000, 0x0000000100000000)
  eden space 454656K, 68% used [0x00000000e0000000,0x00000000f3005fa0,0x00000000fbc00000)
  from space 34816K, 39% used [0x00000000fbc00000,0x00000000fc94fab0,0x00000000fde00000)
  to   space 33792K, 0% used [0x00000000fdf00000,0x00000000fdf00000,0x0000000100000000)
 ParOldGen       total 152064K, used 56676K [0x00000000a0000000, 0x00000000a9480000, 0x00000000e0000000)
  object space 152064K, 37% used [0x00000000a0000000,0x00000000a3759248,0x00000000a9480000)
 Metaspace       used 73039K, capacity 76976K, committed 77144K, reserved 1116160K
  class space    used 9416K, capacity 10054K, committed 10112K, reserved 1048576K

Card table byte_map: [0x0000000011b70000,0x0000000011e80000] byte_map_base: 0x0000000011670000

Marking Bits: (ParMarkBitMap*) 0x00000000570618f0
 Begin Bits: [0x0000000012480000, 0x0000000013c80000)
 End Bits:   [0x0000000013c80000, 0x0000000015480000)

Polling page: 0x0000000000e50000

CodeCache: size=245760Kb used=46901Kb max_used=47248Kb free=198858Kb
 bounds [0x00000000027b0000, 0x0000000005640000, 0x00000000117b0000]
 total_blobs=13725 nmethods=12929 adapters=709
 compilation: enabled

Compilation events (10 events):
Event: 3032.730 Thread 0x0000000016125800 nmethod 15727 0x00000000050b3010 code [0x00000000050b3220, 0x00000000050b3d38]
Event: 3032.730 Thread 0x0000000016125800 15729       1       com.android.dx.rop.cst.CstNat::getName (5 bytes)
Event: 3032.730 Thread 0x0000000016125800 nmethod 15729 0x00000000050b2d50 code [0x00000000050b2ea0, 0x00000000050b2fb0]
Event: 3032.730 Thread 0x0000000016125800 15728       3       com.android.dx.cf.iface.StdAttributeList::get (9 bytes)
Event: 3032.731 Thread 0x0000000016125800 nmethod 15728 0x0000000002b13ed0 code [0x0000000002b14040, 0x0000000002b14348]
Event: 3032.732 Thread 0x0000000016125800 15730       1       com.android.dx.cf.attrib.BaseAttribute::getName (5 bytes)
Event: 3032.732 Thread 0x0000000016125800 nmethod 15730 0x0000000002b13c10 code [0x0000000002b13d60, 0x0000000002b13e70]
Event: 3032.770 Thread 0x0000000016125800 15731       3       com.android.dx.rop.cst.Constant::compareTo (33 bytes)
Event: 3032.772 Thread 0x0000000016125800 nmethod 15731 0x0000000003546c50 code [0x0000000003546e00, 0x0000000003547538]
Event: 3032.805 Thread 0x0000000016125800 15732       3       com.google.common.hash.MessageDigestHashFunction$MessageDigestHasher::update (15 bytes)

GC Heap History (10 events):
Event: 80.601 GC heap before
{Heap before GC invocations=10 (full 2):
 PSYoungGen      total 243712K, used 138432K [0x00000000e0000000, 0x00000000fcd80000, 0x0000000100000000)
  eden space 228352K, 53% used [0x00000000e0000000,0x00000000e7833940,0x00000000edf00000)
  from space 15360K, 99% used [0x00000000edf00000,0x00000000eedfc8f0,0x00000000eee00000)
  to   space 27136K, 0% used [0x00000000fb300000,0x00000000fb300000,0x00000000fcd80000)
 ParOldGen       total 99328K, used 37869K [0x00000000a0000000, 0x00000000a6100000, 0x00000000e0000000)
  object space 99328K, 38% used [0x00000000a0000000,0x00000000a24fb760,0x00000000a6100000)
 Metaspace       used 56640K, capacity 59026K, committed 59096K, reserved 1099776K
  class space    used 7671K, capacity 8148K, committed 8192K, reserved 1048576K
Event: 80.735 GC heap after
Heap after GC invocations=10 (full 2):
 PSYoungGen      total 434176K, used 23850K [0x00000000e0000000, 0x00000000fcb00000, 0x0000000100000000)
  eden space 409600K, 0% used [0x00000000e0000000,0x00000000e0000000,0x00000000f9000000)
  from space 24576K, 97% used [0x00000000fb300000,0x00000000fca4a9d8,0x00000000fcb00000)
  to   space 30208K, 0% used [0x00000000f9000000,0x00000000f9000000,0x00000000fad80000)
 ParOldGen       total 99328K, used 37877K [0x00000000a0000000, 0x00000000a6100000, 0x00000000e0000000)
  object space 99328K, 38% used [0x00000000a0000000,0x00000000a24fd760,0x00000000a6100000)
 Metaspace       used 56640K, capacity 59026K, committed 59096K, reserved 1099776K
  class space    used 7671K, capacity 8148K, committed 8192K, reserved 1048576K
}
Event: 80.735 GC heap before
{Heap before GC invocations=11 (full 3):
 PSYoungGen      total 434176K, used 23850K [0x00000000e0000000, 0x00000000fcb00000, 0x0000000100000000)
  eden space 409600K, 0% used [0x00000000e0000000,0x00000000e0000000,0x00000000f9000000)
  from space 24576K, 97% used [0x00000000fb300000,0x00000000fca4a9d8,0x00000000fcb00000)
  to   space 30208K, 0% used [0x00000000f9000000,0x00000000f9000000,0x00000000fad80000)
 ParOldGen       total 99328K, used 37877K [0x00000000a0000000, 0x00000000a6100000, 0x00000000e0000000)
  object space 99328K, 38% used [0x00000000a0000000,0x00000000a24fd760,0x00000000a6100000)
 Metaspace       used 56640K, capacity 59026K, committed 59096K, reserved 1099776K
  class space    used 7671K, capacity 8148K, committed 8192K, reserved 1048576K
Event: 81.602 GC heap after
Heap after GC invocations=11 (full 3):
 PSYoungGen      total 434176K, used 0K [0x00000000e0000000, 0x00000000fcb00000, 0x0000000100000000)
  eden space 409600K, 0% used [0x00000000e0000000,0x00000000e0000000,0x00000000f9000000)
  from space 24576K, 0% used [0x00000000fb300000,0x00000000fb300000,0x00000000fcb00000)
  to   space 30208K, 0% used [0x00000000f9000000,0x00000000f9000000,0x00000000fad80000)
 ParOldGen       total 152064K, used 51435K [0x00000000a0000000, 0x00000000a9480000, 0x00000000e0000000)
  object space 152064K, 33% used [0x00000000a0000000,0x00000000a323afe0,0x00000000a9480000)
 Metaspace       used 56640K, capacity 59026K, committed 59096K, reserved 1099776K
  class space    used 7671K, capacity 8148K, committed 8192K, reserved 1048576K
}
Event: 216.626 GC heap before
{Heap before GC invocations=12 (full 3):
 PSYoungGen      total 434176K, used 409600K [0x00000000e0000000, 0x00000000fcb00000, 0x0000000100000000)
  eden space 409600K, 100% used [0x00000000e0000000,0x00000000f9000000,0x00000000f9000000)
  from space 24576K, 0% used [0x00000000fb300000,0x00000000fb300000,0x00000000fcb00000)
  to   space 30208K, 0% used [0x00000000f9000000,0x00000000f9000000,0x00000000fad80000)
 ParOldGen       total 152064K, used 51435K [0x00000000a0000000, 0x00000000a9480000, 0x00000000e0000000)
  object space 152064K, 33% used [0x00000000a0000000,0x00000000a323afe0,0x00000000a9480000)
 Metaspace       used 62800K, capacity 65602K, committed 65880K, reserved 1105920K
  class space    used 8270K, capacity 8801K, committed 8832K, reserved 1048576K
Event: 216.689 GC heap after
Heap after GC invocations=12 (full 3):
 PSYoungGen      total 439808K, used 23510K [0x00000000e0000000, 0x0000000100000000, 0x0000000100000000)
  eden space 409600K, 0% used [0x00000000e0000000,0x00000000e0000000,0x00000000f9000000)
  from space 30208K, 77% used [0x00000000f9000000,0x00000000fa6f5ac8,0x00000000fad80000)
  to   space 31744K, 0% used [0x00000000fe100000,0x00000000fe100000,0x0000000100000000)
 ParOldGen       total 152064K, used 51443K [0x00000000a0000000, 0x00000000a9480000, 0x00000000e0000000)
  object space 152064K, 33% used [0x00000000a0000000,0x00000000a323cfe0,0x00000000a9480000)
 Metaspace       used 62800K, capacity 65602K, committed 65880K, reserved 1105920K
  class space    used 8270K, capacity 8801K, committed 8832K, reserved 1048576K
}
Event: 653.020 GC heap before
{Heap before GC invocations=13 (full 3):
 PSYoungGen      total 439808K, used 433110K [0x00000000e0000000, 0x0000000100000000, 0x0000000100000000)
  eden space 409600K, 100% used [0x00000000e0000000,0x00000000f9000000,0x00000000f9000000)
  from space 30208K, 77% used [0x00000000f9000000,0x00000000fa6f5ac8,0x00000000fad80000)
  to   space 31744K, 0% used [0x00000000fe100000,0x00000000fe100000,0x0000000100000000)
 ParOldGen       total 152064K, used 51443K [0x00000000a0000000, 0x00000000a9480000, 0x00000000e0000000)
  object space 152064K, 33% used [0x00000000a0000000,0x00000000a323cfe0,0x00000000a9480000)
 Metaspace       used 63892K, capacity 67172K, committed 67288K, reserved 1107968K
  class space    used 8353K, capacity 8902K, committed 8960K, reserved 1048576K
Event: 653.096 GC heap after
Heap after GC invocations=13 (full 3):
 PSYoungGen      total 486400K, used 27658K [0x00000000e0000000, 0x0000000100000000, 0x0000000100000000)
  eden space 454656K, 0% used [0x00000000e0000000,0x00000000e0000000,0x00000000fbc00000)
  from space 31744K, 87% used [0x00000000fe100000,0x00000000ffc028d0,0x0000000100000000)
  to   space 34816K, 0% used [0x00000000fbc00000,0x00000000fbc00000,0x00000000fde00000)
 ParOldGen       total 152064K, used 51451K [0x00000000a0000000, 0x00000000a9480000, 0x00000000e0000000)
  object space 152064K, 33% used [0x00000000a0000000,0x00000000a323efe0,0x00000000a9480000)
 Metaspace       used 63892K, capacity 67172K, committed 67288K, reserved 1107968K
  class space    used 8353K, capacity 8902K, committed 8960K, reserved 1048576K
}
Event: 3017.434 GC heap before
{Heap before GC invocations=14 (full 3):
 PSYoungGen      total 486400K, used 482314K [0x00000000e0000000, 0x0000000100000000, 0x0000000100000000)
  eden space 454656K, 100% used [0x00000000e0000000,0x00000000fbc00000,0x00000000fbc00000)
  from space 31744K, 87% used [0x00000000fe100000,0x00000000ffc028d0,0x0000000100000000)
  to   space 34816K, 0% used [0x00000000fbc00000,0x00000000fbc00000,0x00000000fde00000)
 ParOldGen       total 152064K, used 51451K [0x00000000a0000000, 0x00000000a9480000, 0x00000000e0000000)
  object space 152064K, 33% used [0x00000000a0000000,0x00000000a323efe0,0x00000000a9480000)
 Metaspace       used 71111K, capacity 74854K, committed 75096K, reserved 1114112K
  class space    used 9193K, capacity 9783K, committed 9856K, reserved 1048576K
Event: 3017.485 GC heap after
Heap after GC invocations=14 (full 3):
 PSYoungGen      total 489472K, used 13630K [0x00000000e0000000, 0x0000000100000000, 0x0000000100000000)
  eden space 454656K, 0% used [0x00000000e0000000,0x00000000e0000000,0x00000000fbc00000)
  from space 34816K, 39% used [0x00000000fbc00000,0x00000000fc94fab0,0x00000000fde00000)
  to   space 33792K, 0% used [0x00000000fdf00000,0x00000000fdf00000,0x0000000100000000)
 ParOldGen       total 152064K, used 56676K [0x00000000a0000000, 0x00000000a9480000, 0x00000000e0000000)
  object space 152064K, 37% used [0x00000000a0000000,0x00000000a3759248,0x00000000a9480000)
 Metaspace       used 71111K, capacity 74854K, committed 75096K, reserved 1114112K
  class space    used 9193K, capacity 9783K, committed 9856K, reserved 1048576K
}

Deoptimization events (10 events):
Event: 3032.486 Thread 0x000000001d44f000 Uncommon trap: reason=unstable_if action=reinterpret pc=0x0000000004e7f700 method=java.io.ExpiringCache.put(Ljava/lang/String;Ljava/lang/String;)V @ 29
Event: 3032.499 Thread 0x000000001d44f800 Uncommon trap: reason=unstable_if action=reinterpret pc=0x0000000004d8157c method=java.util.concurrent.ConcurrentHashMap.addCount(JI)V @ 34
Event: 3032.527 Thread 0x000000001d44f000 Uncommon trap: reason=unstable_if action=reinterpret pc=0x0000000002ef0238 method=java.util.concurrent.ConcurrentHashMap.addCount(JI)V @ 7
Event: 3032.572 Thread 0x000000001d453000 Uncommon trap: reason=unstable_if action=reinterpret pc=0x0000000004fc507c method=java.lang.String.lastIndexOf([CII[CIII)I @ 135
Event: 3032.572 Thread 0x000000001d454800 Uncommon trap: reason=unstable_if action=reinterpret pc=0x0000000003d6a364 method=java.lang.String.lastIndexOf([CII[CIII)I @ 135
Event: 3032.607 Thread 0x000000001d44f000 Uncommon trap: reason=unstable_if action=reinterpret pc=0x00000000047c509c method=sun.nio.fs.WindowsNativeDispatcher.asNativeBuffer(Ljava/lang/String;)Lsun/nio/fs/NativeBuffer; @ 33
Event: 3032.620 Thread 0x000000001d44f000 Uncommon trap: reason=unstable_if action=reinterpret pc=0x00000000040f3b90 method=java.util.concurrent.ConcurrentHashMap.addCount(JI)V @ 7
Event: 3032.653 Thread 0x000000001d453000 Uncommon trap: reason=unstable_if action=reinterpret pc=0x00000000047ee6b8 method=java.lang.Character.forDigit(II)C @ 27
Event: 3032.653 Thread 0x000000001d454800 Uncommon trap: reason=unstable_if action=reinterpret pc=0x00000000047ee6b8 method=java.lang.Character.forDigit(II)C @ 27
Event: 3032.657 Thread 0x000000001d453000 Uncommon trap: reason=class_check action=maybe_recompile pc=0x0000000003f9b4bc method=java.util.concurrent.locks.ReentrantLock.lock()V @ 4

Internal exceptions (10 events):
Event: 2990.918 Thread 0x000000001d44d800 Exception <a 'java/lang/ClassNotFoundException': com/android/build/gradle/tasks/fd/GenerateInstantRunAppInfoTask_DecoratedCustomizer> (0x00000000f036c938) thrown at [C:\src\android\AOSP-openjdk\external\jetbrains\jdk\hotspot\src\share\vm\classfile\systemDim=JÕuêß@
Event: 3016.230 Thread 0x000000001d44e000 Exception <a 'java/lang/NoSuchMethodError': <clinit>> (0x00000000f9b42e78) thrown at [C:\src\android\AOSP-openjdk\external\jetbrains\jdk\hotspot\src\share\vm\prims\jni.cpp, line 1613]
Event: 3017.713 Thread 0x000000001d44d800 Exception <a 'java/io/FileNotFoundException'> (0x00000000eede5ee8) thrown at [C:\src\android\AOSP-openjdk\external\jetbrains\jdk\hotspot\src\share\vm\prims\jni.cpp, line 709]
Event: 3017.895 Thread 0x000000001d44d800 Implicit null exception at 0x0000000004986f75 to 0x00000000049879dd
Event: 3017.895 Thread 0x000000001d44d800 Implicit null exception at 0x0000000004a46d81 to 0x0000000004a47915
Event: 3017.895 Thread 0x000000001d44d800 Implicit null exception at 0x000000000490d943 to 0x000000000490dbf1
Event: 3032.556 Thread 0x000000001d44f800 Exception <a 'sun/nio/fs/WindowsException'> (0x00000000f24ca9a0) thrown at [C:\src\android\AOSP-openjdk\external\jetbrains\jdk\hotspot\src\share\vm\prims\jni.cpp, line 709]
Event: 3032.556 Thread 0x000000001d44f000 Exception <a 'sun/nio/fs/WindowsException'> (0x00000000f22eae68) thrown at [C:\src\android\AOSP-openjdk\external\jetbrains\jdk\hotspot\src\share\vm\prims\jni.cpp, line 709]
Event: 3032.723 Thread 0x000000001d44f800 Exception <a 'sun/nio/fs/WindowsException'> (0x00000000f24e7d40) thrown at [C:\src\android\AOSP-openjdk\external\jetbrains\jdk\hotspot\src\share\vm\prims\jni.cpp, line 709]
Event: 3032.726 Thread 0x000000001d44f000 Exception <a 'sun/nio/fs/WindowsException'> (0x00000000f2311210) thrown at [C:\src\android\AOSP-openjdk\external\jetbrains\jdk\hotspot\src\share\vm\prims\jni.cpp, line 709]

Events (10 events):
Event: 3032.793 Executing VM operation: RevokeBias
Event: 3032.794 Executing VM operation: RevokeBias done
Event: 3032.794 Executing VM operation: RevokeBias
Event: 3032.795 Executing VM operation: RevokeBias done
Event: 3032.801 loading class com/android/dx/rop/code/Rop
Event: 3032.801 loading class com/android/dx/rop/code/Rop done
Event: 3032.803 loading class com/android/dx/rop/code/Exceptions
Event: 3032.803 loading class com/android/dx/rop/code/Exceptions done
Event: 3032.806 loading class com/android/dx/rop/code/RegisterSpecList
Event: 3032.806 loading class com/android/dx/rop/code/RegisterSpecList done


Dynamic libraries:
0x00007ff657c30000 - 0x00007ff657c61000 	C:\Program Files\Android\Android Studio\jre\bin\java.exe
0x00007ffb68330000 - 0x00007ffb6850b000 	C:\WINDOWS\SYSTEM32\ntdll.dll
0x00007ffb65d50000 - 0x00007ffb65dfe000 	C:\WINDOWS\System32\KERNEL32.DLL
0x00007ffb64f50000 - 0x00007ffb65199000 	C:\WINDOWS\System32\KERNELBASE.dll
0x00007ffb67bc0000 - 0x00007ffb67c61000 	C:\WINDOWS\System32\ADVAPI32.dll
0x00007ffb681c0000 - 0x00007ffb6825d000 	C:\WINDOWS\System32\msvcrt.dll
0x00007ffb68160000 - 0x00007ffb681b9000 	C:\WINDOWS\System32\sechost.dll
0x00007ffb67f30000 - 0x00007ffb68055000 	C:\WINDOWS\System32\RPCRT4.dll
0x00007ffb67de0000 - 0x00007ffb67f2a000 	C:\WINDOWS\System32\USER32.dll
0x00007ffb65560000 - 0x00007ffb6557e000 	C:\WINDOWS\System32\win32u.dll
0x00007ffb67ac0000 - 0x00007ffb67ae7000 	C:\WINDOWS\System32\GDI32.dll
0x00007ffb65200000 - 0x00007ffb65387000 	C:\WINDOWS\System32\gdi32full.dll
0x00007ffb656f0000 - 0x00007ffb6578a000 	C:\WINDOWS\System32\msvcp_win.dll
0x00007ffb655f0000 - 0x00007ffb656e6000 	C:\WINDOWS\System32\ucrtbase.dll
0x00007ffb5ae90000 - 0x00007ffb5b0f7000 	C:\WINDOWS\WinSxS\amd64_microsoft.windows.common-controls_6595b64144ccf1df_6.0.15063.483_none_26002d27e7c744a2\COMCTL32.dll
0x00007ffb65a50000 - 0x00007ffb65d49000 	C:\WINDOWS\System32\combase.dll
0x00007ffb65580000 - 0x00007ffb655ea000 	C:\WINDOWS\System32\bcryptPrimitives.dll
0x00007ffb67a30000 - 0x00007ffb67a5d000 	C:\WINDOWS\System32\IMM32.DLL
0x00000000567c0000 - 0x0000000056892000 	C:\Program Files\Android\Android Studio\jre\jre\bin\msvcr100.dll
0x00000000568a0000 - 0x00000000570dc000 	C:\Program Files\Android\Android Studio\jre\jre\bin\server\jvm.dll
0x00007ffb680e0000 - 0x00007ffb680e8000 	C:\WINDOWS\System32\PSAPI.DLL
0x00007ffb61ab0000 - 0x00007ffb61ad3000 	C:\WINDOWS\SYSTEM32\WINMM.dll
0x00007ffb60880000 - 0x00007ffb6088a000 	C:\WINDOWS\SYSTEM32\VERSION.dll
0x00007ffb5a800000 - 0x00007ffb5a809000 	C:\WINDOWS\SYSTEM32\WSOCK32.dll
0x00007ffb659e0000 - 0x00007ffb65a4c000 	C:\WINDOWS\System32\WS2_32.dll
0x00007ffb61a80000 - 0x00007ffb61aab000 	C:\WINDOWS\SYSTEM32\WINMMBASE.dll
0x00007ffb65840000 - 0x00007ffb65889000 	C:\WINDOWS\System32\cfgmgr32.dll
0x00007ffb5b2a0000 - 0x00007ffb5b2af000 	C:\Program Files\Android\Android Studio\jre\jre\bin\verify.dll
0x00007ffb5a160000 - 0x00007ffb5a189000 	C:\Program Files\Android\Android Studio\jre\jre\bin\java.dll
0x00007ffb59fa0000 - 0x00007ffb59fb6000 	C:\Program Files\Android\Android Studio\jre\jre\bin\zip.dll
0x00007ffb65f70000 - 0x00007ffb673a6000 	C:\WINDOWS\System32\SHELL32.dll
0x00007ffb67af0000 - 0x00007ffb67b9a000 	C:\WINDOWS\System32\shcore.dll
0x00007ffb64850000 - 0x00007ffb64f41000 	C:\WINDOWS\System32\windows.storage.dll
0x00007ffb68100000 - 0x00007ffb68151000 	C:\WINDOWS\System32\shlwapi.dll
0x00007ffb64830000 - 0x00007ffb64841000 	C:\WINDOWS\System32\kernel.appcore.dll
0x00007ffb647e0000 - 0x00007ffb6482c000 	C:\WINDOWS\System32\powrprof.dll
0x00007ffb647c0000 - 0x00007ffb647d5000 	C:\WINDOWS\System32\profapi.dll
0x00007ffb58eb0000 - 0x00007ffb58eca000 	C:\Program Files\Android\Android Studio\jre\jre\bin\net.dll
0x00007ffb64050000 - 0x00007ffb640ac000 	C:\WINDOWS\system32\mswsock.dll
0x00007ffb52e20000 - 0x00007ffb52e31000 	C:\Program Files\Android\Android Studio\jre\jre\bin\nio.dll
0x00007ffb59ef0000 - 0x00007ffb59f0e000 	C:\Users\Admin\.gradle\native\23\windows-amd64\native-platform.dll
0x00007ffb641f0000 - 0x00007ffb64207000 	C:\WINDOWS\SYSTEM32\CRYPTSP.dll
0x00007ffb63c70000 - 0x00007ffb63ca4000 	C:\WINDOWS\system32\rsaenh.dll
0x00007ffb645d0000 - 0x00007ffb645f5000 	C:\WINDOWS\SYSTEM32\bcrypt.dll
0x00007ffb646d0000 - 0x00007ffb646f9000 	C:\WINDOWS\SYSTEM32\USERENV.dll
0x00007ffb64210000 - 0x00007ffb6421b000 	C:\WINDOWS\SYSTEM32\CRYPTBASE.dll
0x00007ffb63df0000 - 0x00007ffb63e27000 	C:\WINDOWS\SYSTEM32\IPHLPAPI.DLL
0x00007ffb680f0000 - 0x00007ffb680f8000 	C:\WINDOWS\System32\NSI.dll
0x00007ffb5de50000 - 0x00007ffb5de66000 	C:\WINDOWS\SYSTEM32\dhcpcsvc6.DLL
0x00007ffb5df20000 - 0x00007ffb5df3a000 	C:\WINDOWS\SYSTEM32\dhcpcsvc.DLL
0x00007ffb5ad10000 - 0x00007ffb5ad1d000 	C:\Program Files\Android\Android Studio\jre\jre\bin\management.dll
0x00007ffb639b0000 - 0x00007ffb639e1000 	C:\WINDOWS\SYSTEM32\ntmarta.dll
0x00007ffb55850000 - 0x00007ffb559f9000 	C:\WINDOWS\SYSTEM32\dbghelp.dll

VM Arguments:
jvm_args: -Xmx1536m -Dfile.encoding=windows-1252 -Duser.country=US -Duser.language=en -Duser.variant 
java_command: org.gradle.launcher.daemon.bootstrap.GradleDaemon 3.3
java_class_path (initial): C:\Users\Admin\.gradle\wrapper\dists\gradle-3.3-all\55gk2rcmfc6p2dg9u9ohc3hw9\gradle-3.3\lib\gradle-launcher-3.3.jar
Launcher Type: SUN_STANDARD

Environment Variables:
PATH=C:\WINDOWS\system32;C:\WINDOWS;C:\WINDOWS\System32\Wbem;C:\WINDOWS\System32\WindowsPowerShell\v1.0\;C:\Program Files (x86)\Skype\Phone\;C:\Program Files\Git\cmd;C:\Users\Admin\AppData\Local\Microsoft\WindowsApps;
USERNAME=Admin
OS=Windows_NT
PROCESSOR_IDENTIFIER=AMD64 Family 22 Model 0 Stepping 1, AuthenticAMD



---------------  S Y S T E M  ---------------

OS: Windows 10.0 , 64 bit Build 15063 (10.0.15063.296)

CPU:total 4 (4 cores per cpu, 1 threads per core) family 22 model 0 stepping 1, cmov, cx8, fxsr, mmx, sse, sse2, sse3, ssse3, sse4.1, sse4.2, popcnt, avx, aes, clmul, mmxext, 3dnowpref, lzcnt, sse4a, tsc, tscinvbit, tscinv, bmi1

Memory: 4k page, physical 16226484k(11316344k free), swap 18716852k(13445724k free)

vm_info: OpenJDK 64-Bit Server VM (25.112-b06) for windows-amd64 JRE (1.8.0_112-release-b06), built on Dec  8 2016 00:54:26 by "builder" with MS VC++ 10.0 (VS2010)

time: Thu Oct 12 19:41:27 2017
elapsed time: 3032 seconds (0d 0h 50m 32s)

